Determining if the pthread_kill exist failed with the following output:
Change Dir: /home/lk18493/SLAM_work/libfusion/build/CMakeFiles/CMakeTmp

Run Build Command(s):/usr/bin/make cmTC_c21ed/fast 
/usr/bin/make -f CMakeFiles/cmTC_c21ed.dir/build.make CMakeFiles/cmTC_c21ed.dir/build
make[1]: Entering directory '/home/lk18493/SLAM_work/libfusion/build/CMakeFiles/CMakeTmp'
Building CXX object CMakeFiles/cmTC_c21ed.dir/CheckSymbolExists.cxx.o
/usr/bin/c++     -o CMakeFiles/cmTC_c21ed.dir/CheckSymbolExists.cxx.o -c /home/lk18493/SLAM_work/libfusion/build/CMakeFiles/CMakeTmp/CheckSymbolExists.cxx
/home/lk18493/SLAM_work/libfusion/build/CMakeFiles/CMakeTmp/CheckSymbolExists.cxx: In function ‘int main(int, char**)’:
/home/lk18493/SLAM_work/libfusion/build/CMakeFiles/CMakeTmp/CheckSymbolExists.cxx:8:19: error: ‘pthread_kill’ was not declared in this scope
   return ((int*)(&pthread_kill))[argc];
                   ^
CMakeFiles/cmTC_c21ed.dir/build.make:65: recipe for target 'CMakeFiles/cmTC_c21ed.dir/CheckSymbolExists.cxx.o' failed
make[1]: *** [CMakeFiles/cmTC_c21ed.dir/CheckSymbolExists.cxx.o] Error 1
make[1]: Leaving directory '/home/lk18493/SLAM_work/libfusion/build/CMakeFiles/CMakeTmp'
Makefile:121: recipe for target 'cmTC_c21ed/fast' failed
make: *** [cmTC_c21ed/fast] Error 2

File /home/lk18493/SLAM_work/libfusion/build/CMakeFiles/CMakeTmp/CheckSymbolExists.cxx:
/* */
#include <pthread.h>

int main(int argc, char** argv)
{
  (void)argv;
#ifndef pthread_kill
  return ((int*)(&pthread_kill))[argc];
#else
  (void)argc;
  return 0;
#endif
}

Determining if the function pthread_create exists in the pthreads failed with the following output:
Change Dir: /home/lk18493/SLAM_work/libfusion/build/CMakeFiles/CMakeTmp

Run Build Command(s):/usr/bin/make cmTC_4a914/fast 
/usr/bin/make -f CMakeFiles/cmTC_4a914.dir/build.make CMakeFiles/cmTC_4a914.dir/build
make[1]: Entering directory '/home/lk18493/SLAM_work/libfusion/build/CMakeFiles/CMakeTmp'
Building CXX object CMakeFiles/cmTC_4a914.dir/CheckFunctionExists.cxx.o
/usr/bin/c++    -DCHECK_FUNCTION_EXISTS=pthread_create   -o CMakeFiles/cmTC_4a914.dir/CheckFunctionExists.cxx.o -c /home/lk18493/SLAM_work/libfusion/build/CMakeFiles/CheckLibraryExists/CheckFunctionExists.cxx
Linking CXX executable cmTC_4a914
/opt/cmake-3.14.0-rc2-Linux-x86_64/bin/cmake -E cmake_link_script CMakeFiles/cmTC_4a914.dir/link.txt --verbose=1
/usr/bin/c++   -DCHECK_FUNCTION_EXISTS=pthread_create    -rdynamic CMakeFiles/cmTC_4a914.dir/CheckFunctionExists.cxx.o  -o cmTC_4a914 -lpthreads 
/usr/bin/ld: cannot find -lpthreads
collect2: error: ld returned 1 exit status
CMakeFiles/cmTC_4a914.dir/build.make:86: recipe for target 'cmTC_4a914' failed
make[1]: *** [cmTC_4a914] Error 1
make[1]: Leaving directory '/home/lk18493/SLAM_work/libfusion/build/CMakeFiles/CMakeTmp'
Makefile:121: recipe for target 'cmTC_4a914/fast' failed
make: *** [cmTC_4a914/fast] Error 2


